2024-08-02 00:09:42,656 - app_logger - ERROR - cannot see the following page page
2024-08-02 00:12:39,811 - app_logger - ERROR - cannot see the following page page
2024-08-02 00:21:19,461 - app_logger - ERROR - cannot see the following page page
2024-08-02 00:27:24,561 - app_logger - ERROR - cannot see the following page page
2024-08-02 12:28:44,597 - app_logger - ERROR - cannot see the following page page
2024-08-02 12:30:14,713 - app_logger - ERROR - cannot see the following page page
2024-08-02 12:36:25,981 - app_logger - ERROR - cannot see the following page page
2024-08-02 12:39:48,321 - app_logger - ERROR - cannot see the following page page
2024-08-02 12:45:29,443 - app_logger - ERROR - cannot see the following page page
2024-08-02 14:34:33,156 - app_logger - INFO - Like buttom cannot be detected
2024-08-02 14:34:33,384 - app_logger - ERROR - Following page is not detected
2024-08-02 14:34:47,099 - app_logger - ERROR - cannot see the following page page
2024-08-06 00:26:12,041 - app_logger - INFO - comment buttom cannot be detected
2024-08-06 00:26:12,286 - app_logger - INFO - Forward buttom cannot be detected
2024-08-06 01:03:04,669 - app_logger - INFO - Like buttom cannot be detected
2024-08-06 01:03:04,919 - app_logger - ERROR - Following page is not detected
2024-08-06 01:04:43,318 - app_logger - INFO - Like buttom cannot be detected
2024-08-06 01:04:43,637 - app_logger - ERROR - Following page is not detected
2024-08-06 01:06:45,338 - app_logger - INFO - Like buttom cannot be detected
2024-08-06 01:08:30,391 - app_logger - INFO - comment buttom cannot be detected
2024-08-06 01:09:49,328 - app_logger - INFO - comment buttom cannot be detected
2024-08-06 01:29:18,785 - app_logger - ERROR - cannot see the following page page
2024-08-06 01:32:35,438 - app_logger - INFO - comment buttom cannot be detected
2024-08-06 01:35:23,274 - app_logger - INFO - Like buttom cannot be detected
2024-08-06 01:35:23,487 - app_logger - INFO - comment buttom cannot be detected
2024-08-06 01:35:43,060 - app_logger - INFO - Cannot Recognize The following page.
2024-08-06 01:37:39,173 - app_logger - INFO - Like buttom cannot be detected
2024-08-06 01:38:14,440 - app_logger - INFO - Like buttom cannot be detected
2024-08-06 01:38:14,707 - app_logger - ERROR - Following page is not detected
2024-08-06 01:38:25,006 - app_logger - INFO - Like buttom cannot be detected
2024-08-06 01:38:52,876 - app_logger - INFO - comment buttom cannot be detected
2024-08-06 01:39:29,959 - app_logger - INFO - Cannot Recognize The following page.
2024-08-06 01:40:55,095 - app_logger - INFO - comment buttom cannot be detected
2024-08-06 01:41:32,528 - app_logger - INFO - Cannot Recognize The following page.
2024-08-06 01:53:17,212 - app_logger - INFO - Like buttom cannot be detected
2024-08-06 01:53:17,526 - app_logger - ERROR - Following page is not detected
2024-08-06 01:53:20,109 - app_logger - INFO - Like buttom cannot be detected
2024-08-06 01:53:20,430 - app_logger - ERROR - Following page is not detected
2024-08-06 01:54:36,796 - app_logger - ERROR - cannot see the following page page
2024-08-06 01:55:00,282 - app_logger - INFO - comment buttom cannot be detected
2024-08-06 01:56:08,983 - app_logger - INFO - Like buttom cannot be detected
2024-08-06 01:56:09,220 - app_logger - ERROR - Following page is not detected
2024-08-06 01:56:13,318 - app_logger - INFO - comment buttom cannot be detected
2024-08-06 02:09:25,289 - app_logger - INFO - comment buttom cannot be detected
2024-08-06 02:11:31,711 - app_logger - INFO - comment buttom cannot be detected
2024-08-06 13:26:20,027 - app_logger - INFO - Like buttom cannot be detected
2024-08-06 13:26:20,269 - app_logger - ERROR - Following page is not detected
2024-08-06 13:26:25,116 - app_logger - INFO - comment buttom cannot be detected
2024-08-06 13:27:08,881 - app_logger - INFO - comment buttom cannot be detected
2024-08-06 13:28:13,834 - app_logger - INFO - comment buttom cannot be detected
2024-08-06 13:28:58,866 - app_logger - INFO - comment buttom cannot be detected
2024-08-06 13:29:24,998 - app_logger - ERROR - cannot see the following page page
2024-08-06 13:30:39,135 - app_logger - INFO - comment buttom cannot be detected
2024-08-06 13:59:55,139 - app_logger - INFO - comment buttom cannot be detected
2024-08-06 14:02:10,975 - app_logger - ERROR - cannot see the following page page
2024-08-06 14:04:45,066 - app_logger - INFO - Like buttom cannot be detected
2024-08-06 14:04:45,394 - app_logger - ERROR - Following page is not detected
2024-08-06 14:04:51,725 - app_logger - ERROR - cannot see the following page page
2024-08-06 14:06:59,353 - app_logger - INFO - comment buttom cannot be detected
2024-08-06 14:07:19,222 - app_logger - INFO - comment buttom cannot be detected
2024-08-06 14:07:54,241 - app_logger - INFO - comment buttom cannot be detected
2024-08-06 15:43:34,663 - app_logger - INFO - Like buttom cannot be detected
2024-08-06 15:43:34,949 - app_logger - ERROR - Following page is not detected
2024-08-06 15:44:13,435 - app_logger - ERROR - Cannot detect the following page after multiple attempts.
2024-08-06 17:24:23,233 - app_logger - INFO - Like buttom cannot be detected
2024-08-06 17:24:23,572 - app_logger - ERROR - Following page is not detected
2024-08-06 17:25:02,748 - app_logger - ERROR - Cannot detect the following page after multiple attempts.
2024-08-06 17:32:25,549 - app_logger - INFO - Like buttom cannot be detected
2024-08-06 17:32:25,929 - app_logger - ERROR - Following page is not detected
2024-08-06 17:33:03,308 - app_logger - ERROR - Cannot detect the following page after multiple attempts.
2024-08-06 17:35:34,747 - app_logger - INFO - comment buttom cannot be detected
2024-08-06 17:35:48,531 - app_logger - INFO - Like buttom cannot be detected
2024-08-06 17:35:48,697 - app_logger - INFO - comment buttom cannot be detected
2024-08-06 17:36:08,081 - app_logger - INFO - Cannot Recognize The following page.
2024-08-06 17:36:45,986 - app_logger - ERROR - Cannot detect the following page after multiple attempts.
2024-08-06 17:39:30,574 - app_logger - INFO - Like buttom cannot be detected
2024-08-06 17:39:30,726 - app_logger - INFO - comment buttom cannot be detected
2024-08-06 17:39:49,794 - app_logger - INFO - Cannot Recognize The following page.
2024-08-06 17:40:28,845 - app_logger - ERROR - Cannot detect the following page after multiple attempts.
2024-08-06 17:43:11,832 - app_logger - INFO - Like buttom cannot be detected
2024-08-06 17:43:11,965 - app_logger - INFO - comment buttom cannot be detected
2024-08-06 17:43:30,915 - app_logger - INFO - Cannot Recognize The following page.
2024-08-06 17:43:49,526 - app_logger - ERROR - Cannot detect the following page after multiple attempts.
2024-08-06 17:48:13,445 - app_logger - ERROR - Cannot detect the following page after multiple attempts.
2024-08-06 18:49:43,565 - app_logger - INFO - comment buttom cannot be detected
2024-08-06 18:50:20,590 - app_logger - INFO - comment buttom cannot be detected
2024-08-06 18:57:25,932 - app_logger - ERROR - Cannot detect the following page after multiple attempts.
2024-08-07 01:46:48,288 - app_logger - ERROR - Cannot detect the following page after multiple attempts.
2024-08-07 01:55:34,233 - app_logger - ERROR - Cannot detect the following page after multiple attempts.
2024-08-07 02:19:02,162 - app_logger - ERROR - Cannot detect the following page after multiple attempts.
2024-08-07 02:24:40,915 - app_logger - INFO - Like buttom cannot be detected
2024-08-07 02:24:52,185 - app_logger - ERROR - Following page is not detected
2024-08-07 02:26:27,016 - app_logger - ERROR - Cannot detect the following page after multiple attempts.
2024-08-07 02:29:09,017 - app_logger - ERROR - Cannot detect the following page after multiple attempts.
2024-08-07 02:31:54,501 - app_logger - INFO - Like buttom cannot be detected
2024-08-07 02:31:54,603 - app_logger - INFO - comment buttom cannot be detected
2024-08-07 03:01:40,542 - app_logger - ERROR - Cannot detect the following page after multiple attempts.
2024-08-07 03:03:12,776 - app_logger - ERROR - Cannot detect the following page after multiple attempts.
2024-08-07 03:04:39,976 - app_logger - ERROR - Cannot detect the following page after multiple attempts.
2024-08-07 03:06:30,020 - app_logger - ERROR - Cannot detect the following page after multiple attempts.
2024-08-07 03:08:00,485 - app_logger - ERROR - Cannot detect the following page after multiple attempts.
2024-08-07 03:09:46,802 - app_logger - ERROR - Cannot detect the following page after multiple attempts.
2024-08-07 03:11:12,905 - app_logger - ERROR - Cannot detect the following page after multiple attempts.
2024-08-07 03:12:53,406 - app_logger - ERROR - Cannot detect the following page after multiple attempts.
2024-08-07 03:14:21,788 - app_logger - ERROR - Cannot detect the following page after multiple attempts.
2024-08-07 03:16:22,168 - app_logger - ERROR - Cannot detect the following page after multiple attempts.
2024-08-07 03:18:06,050 - app_logger - ERROR - Cannot detect the following page after multiple attempts.
2024-08-07 03:20:03,462 - app_logger - ERROR - Cannot detect the following page after multiple attempts.
2024-08-07 03:21:35,706 - app_logger - ERROR - Cannot detect the following page after multiple attempts.
2024-08-07 03:23:07,373 - app_logger - ERROR - Cannot detect the following page after multiple attempts.
2024-08-07 03:25:01,533 - app_logger - ERROR - Cannot detect the following page after multiple attempts.
2024-08-07 03:26:57,393 - app_logger - ERROR - Cannot detect the following page after multiple attempts.
2024-08-07 03:28:52,604 - app_logger - ERROR - Cannot detect the following page after multiple attempts.
2024-08-07 03:30:42,636 - app_logger - ERROR - Cannot detect the following page after multiple attempts.
2024-08-07 03:32:34,255 - app_logger - ERROR - Cannot detect the following page after multiple attempts.
2024-08-07 03:34:18,250 - app_logger - ERROR - Cannot detect the following page after multiple attempts.
2024-08-07 03:35:54,398 - app_logger - ERROR - Cannot detect the following page after multiple attempts.
2024-08-07 03:38:04,183 - app_logger - ERROR - Cannot detect the following page after multiple attempts.
2024-08-07 03:39:37,600 - app_logger - ERROR - Cannot detect the following page after multiple attempts.
2024-08-07 03:41:45,837 - app_logger - ERROR - Cannot detect the following page after multiple attempts.
2024-08-07 03:43:51,823 - app_logger - ERROR - Cannot detect the following page after multiple attempts.
2024-08-07 03:45:26,713 - app_logger - ERROR - Cannot detect the following page after multiple attempts.
2024-08-07 03:47:05,127 - app_logger - ERROR - Cannot detect the following page after multiple attempts.
2024-08-07 03:48:47,308 - app_logger - ERROR - Cannot detect the following page after multiple attempts.
2024-08-07 03:50:26,801 - app_logger - ERROR - Cannot detect the following page after multiple attempts.
2024-08-07 03:51:58,683 - app_logger - ERROR - Cannot detect the following page after multiple attempts.
2024-08-07 03:53:31,494 - app_logger - ERROR - Cannot detect the following page after multiple attempts.
2024-08-07 04:28:01,444 - app_logger - ERROR - Cannot detect the following page after multiple attempts.
2024-08-07 04:29:47,469 - app_logger - ERROR - Cannot detect the following page after multiple attempts.
2024-08-07 04:31:24,905 - app_logger - ERROR - Cannot detect the following page after multiple attempts.
2024-08-07 04:33:24,589 - app_logger - ERROR - Cannot detect the following page after multiple attempts.
2024-08-07 04:35:18,789 - app_logger - ERROR - Cannot detect the following page after multiple attempts.
2024-08-07 04:36:58,947 - app_logger - ERROR - Cannot detect the following page after multiple attempts.
2024-08-07 04:38:56,060 - app_logger - ERROR - Cannot detect the following page after multiple attempts.
2024-08-07 04:40:48,314 - app_logger - ERROR - Cannot detect the following page after multiple attempts.
2024-08-07 04:42:30,178 - app_logger - ERROR - Cannot detect the following page after multiple attempts.
2024-08-07 04:44:06,323 - app_logger - ERROR - Cannot detect the following page after multiple attempts.
2024-08-07 04:45:50,851 - app_logger - ERROR - Cannot detect the following page after multiple attempts.
2024-08-07 04:47:56,849 - app_logger - ERROR - Cannot detect the following page after multiple attempts.
2024-08-07 04:49:50,657 - app_logger - ERROR - Cannot detect the following page after multiple attempts.
2024-08-07 04:51:35,125 - app_logger - ERROR - Cannot detect the following page after multiple attempts.
2024-08-07 04:53:18,552 - app_logger - ERROR - Cannot detect the following page after multiple attempts.
2024-08-07 04:55:00,356 - app_logger - ERROR - Cannot detect the following page after multiple attempts.
2024-08-07 04:56:45,539 - app_logger - ERROR - Cannot detect the following page after multiple attempts.
2024-08-07 04:58:29,441 - app_logger - ERROR - Cannot detect the following page after multiple attempts.
2024-08-07 05:00:19,727 - app_logger - ERROR - Cannot detect the following page after multiple attempts.
2024-08-07 05:02:33,877 - app_logger - ERROR - Cannot detect the following page after multiple attempts.
2024-08-07 05:04:45,217 - app_logger - ERROR - Cannot detect the following page after multiple attempts.
2024-08-07 05:06:28,846 - app_logger - ERROR - Cannot detect the following page after multiple attempts.
2024-08-07 05:08:10,564 - app_logger - ERROR - Cannot detect the following page after multiple attempts.
2024-08-07 05:10:13,548 - app_logger - ERROR - Cannot detect the following page after multiple attempts.
2024-08-07 05:12:10,716 - app_logger - ERROR - Cannot detect the following page after multiple attempts.
2024-08-07 05:14:03,606 - app_logger - ERROR - Cannot detect the following page after multiple attempts.
2024-08-07 05:15:41,302 - app_logger - ERROR - Cannot detect the following page after multiple attempts.
2024-08-07 05:17:37,519 - app_logger - ERROR - Cannot detect the following page after multiple attempts.
2024-08-07 05:19:21,954 - app_logger - ERROR - Cannot detect the following page after multiple attempts.
2024-08-07 05:21:25,961 - app_logger - ERROR - Cannot detect the following page after multiple attempts.
2024-08-07 05:23:29,668 - app_logger - ERROR - Cannot detect the following page after multiple attempts.
2024-08-07 05:25:35,060 - app_logger - ERROR - Cannot detect the following page after multiple attempts.
2024-08-07 05:27:43,197 - app_logger - ERROR - Cannot detect the following page after multiple attempts.
2024-08-07 05:29:22,167 - app_logger - ERROR - Cannot detect the following page after multiple attempts.
2024-08-07 05:31:08,186 - app_logger - ERROR - Cannot detect the following page after multiple attempts.
2024-08-07 05:33:02,663 - app_logger - ERROR - Cannot detect the following page after multiple attempts.
2024-08-07 05:35:02,198 - app_logger - ERROR - Cannot detect the following page after multiple attempts.
2024-08-07 05:37:14,934 - app_logger - ERROR - Cannot detect the following page after multiple attempts.
2024-08-07 05:39:27,620 - app_logger - ERROR - Cannot detect the following page after multiple attempts.
2024-08-07 05:41:37,790 - app_logger - ERROR - Cannot detect the following page after multiple attempts.
2024-08-07 05:43:31,805 - app_logger - ERROR - Cannot detect the following page after multiple attempts.
2024-08-07 05:45:26,488 - app_logger - ERROR - Cannot detect the following page after multiple attempts.
2024-08-07 05:47:23,309 - app_logger - ERROR - Cannot detect the following page after multiple attempts.
2024-08-07 05:49:45,145 - app_logger - ERROR - Cannot detect the following page after multiple attempts.
2024-08-07 05:51:42,179 - app_logger - ERROR - Cannot detect the following page after multiple attempts.
2024-08-07 05:53:44,030 - app_logger - ERROR - Cannot detect the following page after multiple attempts.
2024-08-07 05:55:43,338 - app_logger - ERROR - Cannot detect the following page after multiple attempts.
2024-08-07 05:57:29,116 - app_logger - ERROR - Cannot detect the following page after multiple attempts.
2024-08-07 05:59:16,203 - app_logger - ERROR - Cannot detect the following page after multiple attempts.
2024-08-07 06:01:19,585 - app_logger - ERROR - Cannot detect the following page after multiple attempts.
2024-08-07 06:03:16,452 - app_logger - ERROR - Cannot detect the following page after multiple attempts.
2024-08-07 06:05:12,154 - app_logger - ERROR - Cannot detect the following page after multiple attempts.
2024-08-07 06:07:10,420 - app_logger - ERROR - Cannot detect the following page after multiple attempts.
2024-08-07 06:09:37,307 - app_logger - ERROR - Cannot detect the following page after multiple attempts.
2024-08-07 06:11:29,591 - app_logger - ERROR - Cannot detect the following page after multiple attempts.
2024-08-07 06:13:29,894 - app_logger - ERROR - Cannot detect the following page after multiple attempts.
2024-08-07 06:15:49,911 - app_logger - ERROR - Cannot detect the following page after multiple attempts.
2024-08-07 06:17:50,218 - app_logger - ERROR - Cannot detect the following page after multiple attempts.
2024-08-07 06:20:12,632 - app_logger - ERROR - Cannot detect the following page after multiple attempts.
2024-08-07 06:22:37,899 - app_logger - ERROR - Cannot detect the following page after multiple attempts.
2024-08-07 06:25:04,775 - app_logger - ERROR - Cannot detect the following page after multiple attempts.
2024-08-07 06:27:03,304 - app_logger - ERROR - Cannot detect the following page after multiple attempts.
2024-08-07 06:28:59,188 - app_logger - ERROR - Cannot detect the following page after multiple attempts.
2024-08-07 06:31:20,670 - app_logger - ERROR - Cannot detect the following page after multiple attempts.
2024-08-07 06:33:44,626 - app_logger - ERROR - Cannot detect the following page after multiple attempts.
2024-08-07 06:36:22,121 - app_logger - ERROR - Cannot detect the following page after multiple attempts.
2024-08-07 06:38:36,704 - app_logger - ERROR - Cannot detect the following page after multiple attempts.
2024-08-07 06:40:42,519 - app_logger - ERROR - Cannot detect the following page after multiple attempts.
2024-08-07 06:42:45,764 - app_logger - ERROR - Cannot detect the following page after multiple attempts.
2024-08-07 06:44:55,118 - app_logger - ERROR - Cannot detect the following page after multiple attempts.
2024-08-07 06:47:15,167 - app_logger - ERROR - Cannot detect the following page after multiple attempts.
2024-08-07 06:49:21,019 - app_logger - ERROR - Cannot detect the following page after multiple attempts.
2024-08-07 06:51:23,620 - app_logger - ERROR - Cannot detect the following page after multiple attempts.
2024-08-07 06:53:26,721 - app_logger - ERROR - Cannot detect the following page after multiple attempts.
2024-08-07 06:55:28,555 - app_logger - ERROR - Cannot detect the following page after multiple attempts.
2024-08-07 06:57:47,792 - app_logger - ERROR - Cannot detect the following page after multiple attempts.
2024-08-07 06:59:43,946 - app_logger - ERROR - Cannot detect the following page after multiple attempts.
2024-08-07 07:02:10,245 - app_logger - ERROR - Cannot detect the following page after multiple attempts.
2024-08-07 07:04:12,294 - app_logger - ERROR - Cannot detect the following page after multiple attempts.
2024-08-07 07:06:13,214 - app_logger - ERROR - Cannot detect the following page after multiple attempts.
2024-08-07 07:08:33,488 - app_logger - ERROR - Cannot detect the following page after multiple attempts.
2024-08-07 07:10:34,566 - app_logger - ERROR - Cannot detect the following page after multiple attempts.
2024-08-07 07:13:04,233 - app_logger - ERROR - Cannot detect the following page after multiple attempts.
2024-08-07 07:15:38,974 - app_logger - ERROR - Cannot detect the following page after multiple attempts.
2024-08-07 07:17:41,205 - app_logger - ERROR - Cannot detect the following page after multiple attempts.
2024-08-07 07:20:26,225 - app_logger - ERROR - Cannot detect the following page after multiple attempts.
2024-08-07 07:22:31,472 - app_logger - ERROR - Cannot detect the following page after multiple attempts.
2024-08-07 07:24:57,278 - app_logger - ERROR - Cannot detect the following page after multiple attempts.
2024-08-07 07:27:05,999 - app_logger - ERROR - Cannot detect the following page after multiple attempts.
2024-08-07 07:29:47,165 - app_logger - ERROR - Cannot detect the following page after multiple attempts.
2024-08-07 07:32:11,630 - app_logger - ERROR - Cannot detect the following page after multiple attempts.
2024-08-07 07:35:00,883 - app_logger - ERROR - Cannot detect the following page after multiple attempts.
2024-08-07 07:37:00,578 - app_logger - ERROR - Cannot detect the following page after multiple attempts.
2024-08-07 07:39:03,590 - app_logger - ERROR - Cannot detect the following page after multiple attempts.
2024-08-07 07:41:08,370 - app_logger - ERROR - Cannot detect the following page after multiple attempts.
2024-08-07 07:43:12,154 - app_logger - ERROR - Cannot detect the following page after multiple attempts.
2024-08-07 07:45:52,674 - app_logger - ERROR - Cannot detect the following page after multiple attempts.
2024-08-07 07:48:00,122 - app_logger - ERROR - Cannot detect the following page after multiple attempts.
2024-08-07 07:50:46,217 - app_logger - ERROR - Cannot detect the following page after multiple attempts.
2024-08-07 07:53:02,503 - app_logger - ERROR - Cannot detect the following page after multiple attempts.
2024-08-07 07:55:08,306 - app_logger - ERROR - Cannot detect the following page after multiple attempts.
2024-08-07 07:57:39,534 - app_logger - ERROR - Cannot detect the following page after multiple attempts.
2024-08-07 07:59:43,002 - app_logger - ERROR - Cannot detect the following page after multiple attempts.
2024-08-07 08:01:51,318 - app_logger - ERROR - Cannot detect the following page after multiple attempts.
2024-08-07 08:04:07,954 - app_logger - ERROR - Cannot detect the following page after multiple attempts.
2024-08-07 08:06:41,025 - app_logger - ERROR - Cannot detect the following page after multiple attempts.
2024-08-07 08:08:45,350 - app_logger - ERROR - Cannot detect the following page after multiple attempts.
2024-08-07 08:11:53,999 - app_logger - ERROR - Cannot detect the following page after multiple attempts.
2024-08-07 08:14:31,278 - app_logger - ERROR - Cannot detect the following page after multiple attempts.
2024-08-07 08:16:44,928 - app_logger - ERROR - Cannot detect the following page after multiple attempts.
2024-08-07 08:19:25,680 - app_logger - ERROR - Cannot detect the following page after multiple attempts.
2024-08-07 08:22:11,486 - app_logger - ERROR - Cannot detect the following page after multiple attempts.
2024-08-07 08:24:34,434 - app_logger - ERROR - Cannot detect the following page after multiple attempts.
2024-08-07 08:26:37,971 - app_logger - ERROR - Cannot detect the following page after multiple attempts.
2024-08-07 08:29:15,556 - app_logger - ERROR - Cannot detect the following page after multiple attempts.
2024-08-07 08:31:37,438 - app_logger - ERROR - Cannot detect the following page after multiple attempts.
2024-08-07 08:34:10,842 - app_logger - ERROR - Cannot detect the following page after multiple attempts.
2024-08-07 08:37:23,611 - app_logger - ERROR - Cannot detect the following page after multiple attempts.
2024-08-07 08:39:30,724 - app_logger - ERROR - Cannot detect the following page after multiple attempts.
2024-08-07 08:41:32,345 - app_logger - ERROR - Cannot detect the following page after multiple attempts.
2024-08-07 08:43:59,133 - app_logger - ERROR - Cannot detect the following page after multiple attempts.
2024-08-07 08:46:17,270 - app_logger - ERROR - Cannot detect the following page after multiple attempts.
2024-08-07 08:48:24,156 - app_logger - ERROR - Cannot detect the following page after multiple attempts.
2024-08-07 08:50:22,937 - app_logger - ERROR - Cannot detect the following page after multiple attempts.
2024-08-07 08:52:34,154 - app_logger - ERROR - Cannot detect the following page after multiple attempts.
2024-08-07 08:55:38,574 - app_logger - ERROR - Cannot detect the following page after multiple attempts.
2024-08-07 08:57:50,526 - app_logger - ERROR - Cannot detect the following page after multiple attempts.
2024-08-07 08:59:53,026 - app_logger - ERROR - Cannot detect the following page after multiple attempts.
2024-08-07 09:02:16,012 - app_logger - ERROR - Cannot detect the following page after multiple attempts.
2024-08-07 09:04:23,913 - app_logger - ERROR - Cannot detect the following page after multiple attempts.
2024-08-07 09:06:39,847 - app_logger - ERROR - Cannot detect the following page after multiple attempts.
2024-08-07 09:08:42,917 - app_logger - ERROR - Cannot detect the following page after multiple attempts.
2024-08-07 09:10:58,207 - app_logger - ERROR - Cannot detect the following page after multiple attempts.
2024-08-07 09:13:09,350 - app_logger - ERROR - Cannot detect the following page after multiple attempts.
2024-08-07 09:15:29,474 - app_logger - ERROR - Cannot detect the following page after multiple attempts.
2024-08-07 09:18:02,708 - app_logger - ERROR - Cannot detect the following page after multiple attempts.
2024-08-07 09:20:24,909 - app_logger - ERROR - Cannot detect the following page after multiple attempts.
2024-08-07 09:22:45,460 - app_logger - ERROR - Cannot detect the following page after multiple attempts.
2024-08-07 09:25:03,228 - app_logger - ERROR - Cannot detect the following page after multiple attempts.
2024-08-07 09:28:02,663 - app_logger - ERROR - Cannot detect the following page after multiple attempts.
2024-08-07 09:30:17,897 - app_logger - ERROR - Cannot detect the following page after multiple attempts.
2024-08-07 09:33:25,666 - app_logger - ERROR - Cannot detect the following page after multiple attempts.
2024-08-07 09:36:19,467 - app_logger - ERROR - Cannot detect the following page after multiple attempts.
2024-08-07 09:38:33,888 - app_logger - INFO - Like buttom cannot be detected
2024-08-07 09:38:33,972 - app_logger - INFO - comment buttom cannot be detected
2024-08-07 09:38:53,138 - app_logger - INFO - Cannot Recognize The following page.
2024-08-07 09:39:11,171 - app_logger - ERROR - Cannot detect the following page after multiple attempts.
2024-08-07 09:42:05,140 - app_logger - ERROR - Cannot detect the following page after multiple attempts.
2024-08-07 09:44:16,526 - app_logger - ERROR - Cannot detect the following page after multiple attempts.
2024-08-07 09:46:23,875 - app_logger - ERROR - Cannot detect the following page after multiple attempts.
2024-08-07 13:52:54,499 - app_logger - INFO - Like buttom cannot be detected
2024-08-07 13:52:54,598 - app_logger - INFO - comment buttom cannot be detected
2024-08-07 13:53:18,580 - app_logger - ERROR - Cannot detect the following page after multiple attempts.
2024-08-07 13:54:46,950 - app_logger - ERROR - Cannot detect the following page after multiple attempts.
2024-08-07 13:55:06,276 - app_logger - ERROR - Cannot detect the following page after multiple attempts.
2024-08-07 13:55:57,933 - app_logger - INFO - Like buttom cannot be detected
2024-08-07 13:55:58,034 - app_logger - INFO - comment buttom cannot be detected
2024-08-07 13:56:21,604 - app_logger - INFO - Like buttom cannot be detected
2024-08-07 13:56:21,716 - app_logger - INFO - comment buttom cannot be detected
2024-08-07 13:58:36,747 - app_logger - INFO - Like buttom cannot be detected
2024-08-07 13:58:36,870 - app_logger - ERROR - Following page is not detected
2024-08-07 14:01:28,127 - app_logger - ERROR - Cannot detect the following page after multiple attempts.
2024-08-07 14:03:39,988 - app_logger - INFO - Like buttom cannot be detected
2024-08-07 14:03:40,157 - app_logger - ERROR - Following page is not detected
2024-08-07 14:08:26,181 - app_logger - INFO - Like buttom cannot be detected
2024-08-07 14:13:23,446 - app_logger - INFO - Like buttom cannot be detected
2024-08-07 14:13:23,562 - app_logger - INFO - comment buttom cannot be detected
2024-08-07 14:15:42,514 - app_logger - ERROR - Cannot detect the following page after multiple attempts.
2024-08-07 14:15:42,614 - app_logger - INFO - Like buttom cannot be detected
2024-08-07 14:15:42,752 - app_logger - INFO - comment buttom cannot be detected
